mode: set
github.com/dmytrozilnyk/gildedRose-refactoring-kata/go/gildedrose/gildedrose.go:27.32,29.2 1 1
github.com/dmytrozilnyk/gildedRose-refactoring-kata/go/gildedrose/gildedrose.go:31.35,32.29 1 1
github.com/dmytrozilnyk/gildedRose-refactoring-kata/go/gildedrose/gildedrose.go:32.29,33.20 1 1
github.com/dmytrozilnyk/gildedRose-refactoring-kata/go/gildedrose/gildedrose.go:45.3,45.29 1 1
github.com/dmytrozilnyk/gildedRose-refactoring-kata/go/gildedrose/gildedrose.go:34.17,35.37 1 1
github.com/dmytrozilnyk/gildedRose-refactoring-kata/go/gildedrose/gildedrose.go:36.17,37.37 1 1
github.com/dmytrozilnyk/gildedRose-refactoring-kata/go/gildedrose/gildedrose.go:38.18,39.38 1 1
github.com/dmytrozilnyk/gildedRose-refactoring-kata/go/gildedrose/gildedrose.go:40.17,41.37 1 1
github.com/dmytrozilnyk/gildedRose-refactoring-kata/go/gildedrose/gildedrose.go:42.11,43.42 1 1
github.com/dmytrozilnyk/gildedRose-refactoring-kata/go/gildedrose/gildedrose.go:49.55,51.22 2 1
github.com/dmytrozilnyk/gildedRose-refactoring-kata/go/gildedrose/gildedrose.go:54.2,54.21 1 1
github.com/dmytrozilnyk/gildedRose-refactoring-kata/go/gildedrose/gildedrose.go:51.22,53.3 1 1
github.com/dmytrozilnyk/gildedRose-refactoring-kata/go/gildedrose/gildedrose.go:54.21,55.23 1 1
github.com/dmytrozilnyk/gildedRose-refactoring-kata/go/gildedrose/gildedrose.go:55.23,57.4 1 1
github.com/dmytrozilnyk/gildedRose-refactoring-kata/go/gildedrose/gildedrose.go:61.50,62.23 1 1
github.com/dmytrozilnyk/gildedRose-refactoring-kata/go/gildedrose/gildedrose.go:65.2,66.21 2 1
github.com/dmytrozilnyk/gildedRose-refactoring-kata/go/gildedrose/gildedrose.go:62.23,64.3 1 1
github.com/dmytrozilnyk/gildedRose-refactoring-kata/go/gildedrose/gildedrose.go:66.21,67.24 1 1
github.com/dmytrozilnyk/gildedRose-refactoring-kata/go/gildedrose/gildedrose.go:67.24,69.4 1 1
github.com/dmytrozilnyk/gildedRose-refactoring-kata/go/gildedrose/gildedrose.go:73.51,75.2 0 1
github.com/dmytrozilnyk/gildedRose-refactoring-kata/go/gildedrose/gildedrose.go:77.51,78.23 1 1
github.com/dmytrozilnyk/gildedRose-refactoring-kata/go/gildedrose/gildedrose.go:91.2,92.21 2 1
github.com/dmytrozilnyk/gildedRose-refactoring-kata/go/gildedrose/gildedrose.go:78.23,80.23 2 1
github.com/dmytrozilnyk/gildedRose-refactoring-kata/go/gildedrose/gildedrose.go:85.3,85.22 1 1
github.com/dmytrozilnyk/gildedRose-refactoring-kata/go/gildedrose/gildedrose.go:80.23,81.25 1 1
github.com/dmytrozilnyk/gildedRose-refactoring-kata/go/gildedrose/gildedrose.go:81.25,83.5 1 1
github.com/dmytrozilnyk/gildedRose-refactoring-kata/go/gildedrose/gildedrose.go:85.22,86.25 1 1
github.com/dmytrozilnyk/gildedRose-refactoring-kata/go/gildedrose/gildedrose.go:86.25,88.5 1 1
github.com/dmytrozilnyk/gildedRose-refactoring-kata/go/gildedrose/gildedrose.go:92.21,94.3 1 1
github.com/dmytrozilnyk/gildedRose-refactoring-kata/go/gildedrose/gildedrose.go:97.50,98.22 1 1
github.com/dmytrozilnyk/gildedRose-refactoring-kata/go/gildedrose/gildedrose.go:101.2,102.21 2 1
github.com/dmytrozilnyk/gildedRose-refactoring-kata/go/gildedrose/gildedrose.go:98.22,100.3 1 1
github.com/dmytrozilnyk/gildedRose-refactoring-kata/go/gildedrose/gildedrose.go:102.21,103.23 1 1
github.com/dmytrozilnyk/gildedRose-refactoring-kata/go/gildedrose/gildedrose.go:103.23,105.4 1 1
